 ---=== Start Migration of project labs ===---
 * Task [Add Product Values] : Nothing to do
 * Task [RenameActionComponentsMigrationTask] : Applied successfully
 * Task [Fix a problem of project resources linked to items] : Nothing to do
 * Task [Set the 'skip tailing zeros for BigDecimal' setting to false if it was null] : Applied successfully
 * Task [reset the 'COLUMN_DELIMITER' parameter] : Applied successfully
 * Task [MigrationTaskFortOleDbCoseConnection] : Applied successfully
 * Task [Fill the default db version of mssql for Jobsetting] : Nothing to do
 * Task [ChangeTMatchGroupOutputConnectorTask] : Applied successfully
 * Task [AutoUpdateRelationsMigrationTask] : Applied successfully
 ---=== End of migration ===---
 ---=== Start Migration of project labs ===---
 * Task [Update MDM View Objects] : Applied successfully
 * Task [Update MDM Process Objects] : Applied successfully
 * Task [Remove MDM Reference Item Name] : Nothing to do
 * Task [Update Operator MigrationTask] : Applied successfully
 * Task [Fix a problem of project resources linked to items] : Applied successfully
 * Task [UpdateTMultiPatternCheckTask] : Applied successfully
 * Task [Update "compute group quality" to false for non-separate mode] : Applied successfully
 * Task [UnifyPasswordEncryption4MDMServerDefMigrationTask] : Nothing to do
 * Task [Update parameter "Matching Algorithm" value for MR tMatchgroup] : Nothing to do
 * Task [Update tMelissaDataAddress to add a GeoCodeResult column and an advanced parameter] : Applied successfully
 * Task [UpdatetNaivebayseModelSparkVersionTask] : Nothing to do
 * Task [UpdatetPredictSparkVersionTask] : Nothing to do
 * Task [UpdateTMatchGroupOutPutSchemaTask] : Applied successfully
 * Task [update tPatternCheck and tPatternExtract] : Applied successfully
 * Task [UpdateTMultiPatternTableParamTask] : Applied successfully
 * Task [Update TmatchGroup "ComputeGrpQuality" Param] : Applied successfully
 * Task [AutoUpdateRelationsMigrationTask] : Applied successfully
 ---=== End of migration ===---
